[debug] [2023-03-20T23:19:12.988Z] ----------------------------------------------------------------------
[debug] [2023-03-20T23:19:12.990Z] Command:       F:\Program Files\nodejs\node.exe C:\Users\alpha\AppData\Roaming\npm\node_modules\firebase-tools\lib\bin\firebase.js init
[debug] [2023-03-20T23:19:12.990Z] CLI Version:   11.24.1
[debug] [2023-03-20T23:19:12.990Z] Platform:      win32
[debug] [2023-03-20T23:19:12.990Z] Node Version:  v18.9.0
[debug] [2023-03-20T23:19:12.991Z] Time:          Tue Mar 21 2023 00:19:12 GMT+0100 (Central European Standard Time)
[debug] [2023-03-20T23:19:12.991Z] ----------------------------------------------------------------------
[debug] 
[debug] [2023-03-20T23:19:12.997Z] > command requires scopes: ["email","openid","https://www.googleapis.com/auth/cloudplatformprojects.readonly","https://www.googleapis.com/auth/firebase","https://www.googleapis.com/auth/cloud-platform"]
[debug] [2023-03-20T23:19:12.997Z] > authorizing via signed-in user (alphaclass6143@gmail.com)
[info] 
     ######## #### ########  ######## ########     ###     ######  ########
     ##        ##  ##     ## ##       ##     ##  ##   ##  ##       ##
     ######    ##  ########  ######   ########  #########  ######  ######
     ##        ##  ##    ##  ##       ##     ## ##     ##       ## ##
     ##       #### ##     ## ######## ########  ##     ##  ######  ########

You're about to initialize a Firebase project in this directory:

  C:\Users\alpha\Desktop\Repos\wip-personal-homepage

[info] 
=== Project Setup
[info] 
[info] First, let's associate this project directory with a Firebase project.
[info] You can create multiple project aliases by running firebase use --add, 
[info] but for now we'll just set up a default project.
[info] 
[debug] [2023-03-20T23:19:54.463Z] >>> [apiv2][query] GET https://firebase.googleapis.com/v1beta1/projects pageSize=100
[debug] [2023-03-20T23:19:54.940Z] <<< [apiv2][status] GET https://firebase.googleapis.com/v1beta1/projects 200
[debug] [2023-03-20T23:19:54.940Z] <<< [apiv2][body] GET https://firebase.googleapis.com/v1beta1/projects [omitted]
[info] i  Using project wip-personal-homepage (wip-personal-homepage) 
[info] 
=== Hosting Setup
[info] 
[info] Your public directory is the folder (relative to your project directory) that
[info] will contain Hosting assets to be uploaded with firebase deploy. If you
[info] have a build process for your assets, use your build's output directory.
[info] 
[debug] [2023-03-20T23:20:27.428Z] >>> [apiv2][query] GET https://www.gstatic.com/firebasejs/releases.json [none]
[debug] [2023-03-20T23:20:27.500Z] <<< [apiv2][status] GET https://www.gstatic.com/firebasejs/releases.json 200
[debug] [2023-03-20T23:20:27.500Z] <<< [apiv2][body] GET https://www.gstatic.com/firebasejs/releases.json {"current":{"version":"9.18.0","browserURL":"https://www.gstatic.com/firebasejs/9.18.0/firebase.js","packageURL":"https://www.gstatic.com/firebasejs/9.18.0/firebase.tgz"},"live":{"version":"9.18","browserURL":"https://www.gstatic.com/firebasejs/live/9.18/firebase.js","packageURL":"https://www.gstatic.com/firebasejs/live/9.18/firebase.tgz"},"components":{"analytics":"https://www.gstatic.com/firebasejs/9.18.0/firebase-analytics.js","app":"https://www.gstatic.com/firebasejs/9.18.0/firebase-app.js","app-check":"https://www.gstatic.com/firebasejs/9.18.0/firebase-app-check.js","auth":"https://www.gstatic.com/firebasejs/9.18.0/firebase-auth.js","auth/cordova":"https://www.gstatic.com/firebasejs/9.18.0/firebase-auth/cordova.js","auth/react-native":"https://www.gstatic.com/firebasejs/9.18.0/firebase-auth/react-native.js","functions":"https://www.gstatic.com/firebasejs/9.18.0/firebase-functions.js","firestore":"https://www.gstatic.com/firebasejs/9.18.0/firebase-firestore.js","firestore/lite":"https://www.gstatic.com/firebasejs/9.18.0/firebase-firestore/lite.js","installations":"https://www.gstatic.com/firebasejs/9.18.0/firebase-installations.js","storage":"https://www.gstatic.com/firebasejs/9.18.0/firebase-storage.js","performance":"https://www.gstatic.com/firebasejs/9.18.0/firebase-performance.js","remote-config":"https://www.gstatic.com/firebasejs/9.18.0/firebase-remote-config.js","messaging":"https://www.gstatic.com/firebasejs/9.18.0/firebase-messaging.js","messaging/sw":"https://www.gstatic.com/firebasejs/9.18.0/firebase-messaging/sw.js","database":"https://www.gstatic.com/firebasejs/9.18.0/firebase-database.js","firestore.memory":"https://www.gstatic.com/firebasejs/9.18.0/firebase-firestore.memory.js"}}
[info] +  Wrote public/index.html 
[info] 
[info] i  Detected a .git folder at C:\Users\alpha\Desktop\Repos\wip-personal-homepage 
[info] i  Authorizing with GitHub to upload your service account to a GitHub repository's secrets store. 
[info] 
[info] Visit this URL on this device to log in:
[info] https://github.com/login/oauth/authorize?client_id=89cf50f02ac6aaed3484&state=161408524&redirect_uri=http%3A%2F%2Flocalhost%3A9005&scope=read%3Auser%20repo%20public_repo
[info] 
[info] Waiting for authentication...
[debug] [2023-03-20T23:20:32.711Z] >>> [apiv2][query] POST https://github.com/login/oauth/access_token [none]
[debug] [2023-03-20T23:20:32.711Z] >>> [apiv2][body] POST https://github.com/login/oauth/access_token [stream]
[debug] [2023-03-20T23:20:32.979Z] <<< [apiv2][status] POST https://github.com/login/oauth/access_token 200
[debug] [2023-03-20T23:20:32.979Z] <<< [apiv2][body] POST https://github.com/login/oauth/access_token {"access_token":"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","token_type":"bearer","scope":"read:user,repo"}
[debug] [2023-03-20T23:20:32.989Z] >>> [apiv2][query] GET https://api.github.com/user [none]
[debug] [2023-03-20T23:20:33.225Z] <<< [apiv2][status] GET https://api.github.com/user 200
[debug] [2023-03-20T23:20:33.226Z] <<< [apiv2][body] GET https://api.github.com/user {"login":"robin-bosch","id":29932933,"node_id":"MDQ6VXNlcjI5OTMyOTMz","avatar_url":"https://avatars.githubusercontent.com/u/29932933?v=4","gravatar_id":"","url":"https://api.github.com/users/robin-bosch","html_url":"https://github.com/robin-bosch","followers_url":"https://api.github.com/users/robin-bosch/followers","following_url":"https://api.github.com/users/robin-bosch/following{/other_user}","gists_url":"https://api.github.com/users/robin-bosch/gists{/gist_id}","starred_url":"https://api.github.com/users/robin-bosch/starred{/owner}{/repo}","subscriptions_url":"https://api.github.com/users/robin-bosch/subscriptions","organizations_url":"https://api.github.com/users/robin-bosch/orgs","repos_url":"https://api.github.com/users/robin-bosch/repos","events_url":"https://api.github.com/users/robin-bosch/events{/privacy}","received_events_url":"https://api.github.com/users/robin-bosch/received_events","type":"User","site_admin":false,"name":"Robin Bosch","company":null,"blog":"https://www.robin-bosch.com/","location":null,"email":"robin.bosch@gmx.de","hireable":true,"bio":"Full Stack Web Developer -> React/NextJS | HTML/CSS | Typescript/Javascript","twitter_username":null,"public_repos":7,"public_gists":1,"followers":2,"following":0,"created_at":"2017-07-05T22:57:07Z","updated_at":"2023-03-19T15:49:11Z","private_gists":0,"total_private_repos":9,"owned_private_repos":9,"disk_usage":434903,"collaborators":0,"two_factor_authentication":false,"plan":{"name":"pro","space":976562499,"collaborators":0,"private_repos":9999}}
[info] 
[info] +  Success! Logged into GitHub as robin-bosch 
[info] 
